[2025-01-25 15:26:50] local.ERROR: Uncaught Symfony\Component\Finder\Exception\DirectoryNotFoundException: The "C:\Users\Administrador\SOMOSF5\Tolls-And-Vehicles\resources\views" directory does not exist. in C:\Users\Administrador\SOMOSF5\Tolls-And-Vehicles\vendor\symfony\finder\Finder.php:646
Stack trace:
#0 C:\Users\Administrador\SOMOSF5\Tolls-And-Vehicles\vendor\laravel\framework\src\Illuminate\Filesystem\Filesystem.php(584): Symfony\Component\Finder\Finder->in('C:\\Users\\Admini...')
#1 Command line code(1): Illuminate\Filesystem\Filesystem->files('C:\\Users\\Admini...')
#2 Command line code(1): getViews('C:\\Users\\Admini...', Object(Illuminate\Filesystem\Filesystem))
#3 {main}
  thrown {"exception":"[object] (Symfony\\Component\\ErrorHandler\\Error\\FatalError(code: 0): Uncaught Symfony\\Component\\Finder\\Exception\\DirectoryNotFoundException: The \"C:\\Users\\Administrador\\SOMOSF5\\Tolls-And-Vehicles\\resources\\views\" directory does not exist. in C:\\Users\\Administrador\\SOMOSF5\\Tolls-And-Vehicles\\vendor\\symfony\\finder\\Finder.php:646
Stack trace:
#0 C:\\Users\\Administrador\\SOMOSF5\\Tolls-And-Vehicles\\vendor\\laravel\\framework\\src\\Illuminate\\Filesystem\\Filesystem.php(584): Symfony\\Component\\Finder\\Finder->in('C:\\\\Users\\\\Admini...')
#1 Command line code(1): Illuminate\\Filesystem\\Filesystem->files('C:\\\\Users\\\\Admini...')
#2 Command line code(1): getViews('C:\\\\Users\\\\Admini...', Object(Illuminate\\Filesystem\\Filesystem))
#3 {main}
  thrown at C:\\Users\\Administrador\\SOMOSF5\\Tolls-And-Vehicles\\vendor\\symfony\\finder\\Finder.php:646)
[stacktrace]
#0 {main}
"} 
[2025-01-28 11:03:10] local.ERROR: Uncaught Symfony\Component\Finder\Exception\DirectoryNotFoundException: The "C:\Users\Administrador\OneDrive\SOMOSF5\Tolls-And-Vehicles\resources\views" directory does not exist. in C:\Users\Administrador\OneDrive\SOMOSF5\Tolls-And-Vehicles\vendor\symfony\finder\Finder.php:646
Stack trace:
#0 C:\Users\Administrador\OneDrive\SOMOSF5\Tolls-And-Vehicles\vendor\laravel\framework\src\Illuminate\Filesystem\Filesystem.php(584): Symfony\Component\Finder\Finder->in('C:\\Users\\Admini...')
#1 Command line code(1): Illuminate\Filesystem\Filesystem->files('C:\\Users\\Admini...')
#2 Command line code(1): getViews('C:\\Users\\Admini...', Object(Illuminate\Filesystem\Filesystem))
#3 {main}
  thrown {"exception":"[object] (Symfony\\Component\\ErrorHandler\\Error\\FatalError(code: 0): Uncaught Symfony\\Component\\Finder\\Exception\\DirectoryNotFoundException: The \"C:\\Users\\Administrador\\OneDrive\\SOMOSF5\\Tolls-And-Vehicles\\resources\\views\" directory does not exist. in C:\\Users\\Administrador\\OneDrive\\SOMOSF5\\Tolls-And-Vehicles\\vendor\\symfony\\finder\\Finder.php:646
Stack trace:
#0 C:\\Users\\Administrador\\OneDrive\\SOMOSF5\\Tolls-And-Vehicles\\vendor\\laravel\\framework\\src\\Illuminate\\Filesystem\\Filesystem.php(584): Symfony\\Component\\Finder\\Finder->in('C:\\\\Users\\\\Admini...')
#1 Command line code(1): Illuminate\\Filesystem\\Filesystem->files('C:\\\\Users\\\\Admini...')
#2 Command line code(1): getViews('C:\\\\Users\\\\Admini...', Object(Illuminate\\Filesystem\\Filesystem))
#3 {main}
  thrown at C:\\Users\\Administrador\\OneDrive\\SOMOSF5\\Tolls-And-Vehicles\\vendor\\symfony\\finder\\Finder.php:646)
[stacktrace]
#0 {main}
"} 
[2025-01-28 11:06:07] local.ERROR: Uncaught InvalidArgumentException: Please provide a valid cache path. in C:\Users\Administrador\OneDrive\SOMOSF5\Tolls-And-Vehicles\vendor\laravel\framework\src\Illuminate\View\Compilers\Compiler.php:67
Stack trace:
#0 C:\Users\Administrador\OneDrive\SOMOSF5\Tolls-And-Vehicles\vendor\laravel\framework\src\Illuminate\View\ViewServiceProvider.php(97): Illuminate\View\Compilers\Compiler->__construct(Object(Illuminate\Filesystem\Filesystem), false, '', true, 'php')
#1 C:\Users\Administrador\OneDrive\SOMOSF5\Tolls-And-Vehicles\vendor\laravel\framework\src\Illuminate\Container\Container.php(937): Illuminate\View\ViewServiceProvider->Illuminate\View\{closure}(Object(Illuminate\Foundation\Application), Array)
#2 C:\Users\Administrador\OneDrive\SOMOSF5\Tolls-And-Vehicles\vendor\laravel\framework\src\Illuminate\Container\Container.php(819): Illuminate\Container\Container->build(Object(Closure))
#3 C:\Users\Administrador\OneDrive\SOMOSF5\Tolls-And-Vehicles\vendor\laravel\framework\src\Illuminate\Foundation\Application.php(1051): Illuminate\Container\Container->resolve('blade.compiler', Array, true)
#4 C:\Users\Administrador\OneDrive\SOMOSF5\Tolls-And-Vehicles\vendor\laravel\framework\src\Illuminate\Container\Container.php(755): Illuminate\Foundation\Application->resolve('blade.compiler', Array)
#5 C:\Users\Administrador\OneDrive\SOMOSF5\Tolls-And-Vehicles\vendor\laravel\framework\src\Illuminate\Foundation\Application.php(1033): Illuminate\Container\Container->make('blade.compiler', Array)
#6 C:\Users\Administrador\OneDrive\SOMOSF5\Tolls-And-Vehicles\vendor\laravel\framework\src\Illuminate\Foundation\helpers.php(124): Illuminate\Foundation\Application->make('blade.compiler', Array)
#7 Command line code(1): app('Illuminate\\View...')
#8 {main}
  thrown {"exception":"[object] (Symfony\\Component\\ErrorHandler\\Error\\FatalError(code: 0): Uncaught InvalidArgumentException: Please provide a valid cache path. in C:\\Users\\Administrador\\OneDrive\\SOMOSF5\\Tolls-And-Vehicles\\vendor\\laravel\\framework\\src\\Illuminate\\View\\Compilers\\Compiler.php:67
Stack trace:
#0 C:\\Users\\Administrador\\OneDrive\\SOMOSF5\\Tolls-And-Vehicles\\vendor\\laravel\\framework\\src\\Illuminate\\View\\ViewServiceProvider.php(97): Illuminate\\View\\Compilers\\Compiler->__construct(Object(Illuminate\\Filesystem\\Filesystem), false, '', true, 'php')
#1 C:\\Users\\Administrador\\OneDrive\\SOMOSF5\\Tolls-And-Vehicles\\vendor\\laravel\\framework\\src\\Illuminate\\Container\\Container.php(937): Illuminate\\View\\ViewServiceProvider->Illuminate\\View\\{closure}(Object(Illuminate\\Foundation\\Application), Array)
#2 C:\\Users\\Administrador\\OneDrive\\SOMOSF5\\Tolls-And-Vehicles\\vendor\\laravel\\framework\\src\\Illuminate\\Container\\Container.php(819): Illuminate\\Container\\Container->build(Object(Closure))
#3 C:\\Users\\Administrador\\OneDrive\\SOMOSF5\\Tolls-And-Vehicles\\vendor\\laravel\\framework\\src\\Illuminate\\Foundation\\Application.php(1051): Illuminate\\Container\\Container->resolve('blade.compiler', Array, true)
#4 C:\\Users\\Administrador\\OneDrive\\SOMOSF5\\Tolls-And-Vehicles\\vendor\\laravel\\framework\\src\\Illuminate\\Container\\Container.php(755): Illuminate\\Foundation\\Application->resolve('blade.compiler', Array)
#5 C:\\Users\\Administrador\\OneDrive\\SOMOSF5\\Tolls-And-Vehicles\\vendor\\laravel\\framework\\src\\Illuminate\\Foundation\\Application.php(1033): Illuminate\\Container\\Container->make('blade.compiler', Array)
#6 C:\\Users\\Administrador\\OneDrive\\SOMOSF5\\Tolls-And-Vehicles\\vendor\\laravel\\framework\\src\\Illuminate\\Foundation\\helpers.php(124): Illuminate\\Foundation\\Application->make('blade.compiler', Array)
#7 Command line code(1): app('Illuminate\\\\View...')
#8 {main}
  thrown at C:\\Users\\Administrador\\OneDrive\\SOMOSF5\\Tolls-And-Vehicles\\vendor\\laravel\\framework\\src\\Illuminate\\View\\Compilers\\Compiler.php:67)
[stacktrace]
#0 {main}
"} 
[2025-01-28 11:07:49] local.ERROR: Command "make:" is ambiguous.
Did you mean one of these?
    make:cache-table         Create a migration for the cache database table
    make:cast                Create a new custom Eloquent cast class
    make:channel             Create a new channel class
    make:class               Create a new class
    make:component           Create a new view component class
    make:command             Create a new Artisan command
    make:controller          Create a new controller class
    make:enum                Create a new enum
    make:event               Create a new event class
    make:exception           Create a new custom exception class
    make:factory             Create a new model factory
    make:interface           Create a new interface
    make:job                 Create a new job class
    make:job-middleware      Create a new job middleware class
    make:listener            Create a new event listener class
    make:mail                Create a new email class
    make:middleware          Create a new HTTP middleware class
    make:model               Create a new Eloquent model class
    make:notification        Create a new notification class
    make:notifications-table Create a migration for the notifications table
    make:observer            Create a new observer class
    make:policy              Create a new policy class
    make:provider            Create a new service provider class
    make:queue-failed-table  Create a migration for the failed queue jobs data...
    make:queue-table         Create a migration for the queue jobs database table
    make:queue-batches-table Create a migration for the batches database table
    make:request             Create a new form request class
    make:resource            Create a new resource
    make:rule                Create a new validation rule
    make:scope               Create a new scope class
    make:seeder              Create a new seeder class
    make:session-table       Create a migration for the session database table
    make:test                Create a new test class
    make:trait               Create a new trait
    make:view                Create a new view
    make:migration           Create a new migration file. {"exception":"[object] (Symfony\\Component\\Console\\Exception\\CommandNotFoundException(code: 0): Command \"make:\" is ambiguous.
Did you mean one of these?
    make:cache-table         Create a migration for the cache database table
    make:cast                Create a new custom Eloquent cast class
    make:channel             Create a new channel class
    make:class               Create a new class
    make:component           Create a new view component class
    make:command             Create a new Artisan command
    make:controller          Create a new controller class
    make:enum                Create a new enum
    make:event               Create a new event class
    make:exception           Create a new custom exception class
    make:factory             Create a new model factory
    make:interface           Create a new interface
    make:job                 Create a new job class
    make:job-middleware      Create a new job middleware class
    make:listener            Create a new event listener class
    make:mail                Create a new email class
    make:middleware          Create a new HTTP middleware class
    make:model               Create a new Eloquent model class
    make:notification        Create a new notification class
    make:notifications-table Create a migration for the notifications table
    make:observer            Create a new observer class
    make:policy              Create a new policy class
    make:provider            Create a new service provider class
    make:queue-failed-table  Create a migration for the failed queue jobs data...
    make:queue-table         Create a migration for the queue jobs database table
    make:queue-batches-table Create a migration for the batches database table
    make:request             Create a new form request class
    make:resource            Create a new resource
    make:rule                Create a new validation rule
    make:scope               Create a new scope class
    make:seeder              Create a new seeder class
    make:session-table       Create a migration for the session database table
    make:test                Create a new test class
    make:trait               Create a new trait
    make:view                Create a new view
    make:migration           Create a new migration file. at C:\\Users\\Administrador\\OneDrive\\SOMOSF5\\Tolls-And-Vehicles\\vendor\\symfony\\console\\Application.php:767)
[stacktrace]
#0 C:\\Users\\Administrador\\OneDrive\\SOMOSF5\\Tolls-And-Vehicles\\vendor\\symfony\\console\\Application.php(284): Symfony\\Component\\Console\\Application->find('make:')
#1 C:\\Users\\Administrador\\OneDrive\\SOMOSF5\\Tolls-And-Vehicles\\vendor\\symfony\\console\\Application.php(193): Symfony\\Component\\Console\\Application->doRun(Object(Symfony\\Component\\Console\\Input\\ArgvInput), Object(Symfony\\Component\\Console\\Output\\ConsoleOutput))
#2 C:\\Users\\Administrador\\OneDrive\\SOMOSF5\\Tolls-And-Vehicles\\vendor\\laravel\\framework\\src\\Illuminate\\Foundation\\Console\\Kernel.php(198): Symfony\\Component\\Console\\Application->run(Object(Symfony\\Component\\Console\\Input\\ArgvInput), Object(Symfony\\Component\\Console\\Output\\ConsoleOutput))
#3 C:\\Users\\Administrador\\OneDrive\\SOMOSF5\\Tolls-And-Vehicles\\vendor\\laravel\\framework\\src\\Illuminate\\Foundation\\Application.php(1208): Illuminate\\Foundation\\Console\\Kernel->handle(Object(Symfony\\Component\\Console\\Input\\ArgvInput), Object(Symfony\\Component\\Console\\Output\\ConsoleOutput))
#4 C:\\Users\\Administrador\\OneDrive\\SOMOSF5\\Tolls-And-Vehicles\\artisan(13): Illuminate\\Foundation\\Application->handleCommand(Object(Symfony\\Component\\Console\\Input\\ArgvInput))
#5 {main}
"} 
[2025-01-28 11:16:04] local.ERROR: Uncaught InvalidArgumentException: Please provide a valid cache path. in C:\Users\Administrador\OneDrive\SOMOSF5\Tolls-And-Vehicles\vendor\laravel\framework\src\Illuminate\View\Compilers\Compiler.php:67
Stack trace:
#0 C:\Users\Administrador\OneDrive\SOMOSF5\Tolls-And-Vehicles\vendor\laravel\framework\src\Illuminate\View\ViewServiceProvider.php(97): Illuminate\View\Compilers\Compiler->__construct(Object(Illuminate\Filesystem\Filesystem), false, '', true, 'php')
#1 C:\Users\Administrador\OneDrive\SOMOSF5\Tolls-And-Vehicles\vendor\laravel\framework\src\Illuminate\Container\Container.php(937): Illuminate\View\ViewServiceProvider->Illuminate\View\{closure}(Object(Illuminate\Foundation\Application), Array)
#2 C:\Users\Administrador\OneDrive\SOMOSF5\Tolls-And-Vehicles\vendor\laravel\framework\src\Illuminate\Container\Container.php(819): Illuminate\Container\Container->build(Object(Closure))
#3 C:\Users\Administrador\OneDrive\SOMOSF5\Tolls-And-Vehicles\vendor\laravel\framework\src\Illuminate\Foundation\Application.php(1051): Illuminate\Container\Container->resolve('blade.compiler', Array, true)
#4 C:\Users\Administrador\OneDrive\SOMOSF5\Tolls-And-Vehicles\vendor\laravel\framework\src\Illuminate\Container\Container.php(755): Illuminate\Foundation\Application->resolve('blade.compiler', Array)
#5 C:\Users\Administrador\OneDrive\SOMOSF5\Tolls-And-Vehicles\vendor\laravel\framework\src\Illuminate\Foundation\Application.php(1033): Illuminate\Container\Container->make('blade.compiler', Array)
#6 C:\Users\Administrador\OneDrive\SOMOSF5\Tolls-And-Vehicles\vendor\laravel\framework\src\Illuminate\Foundation\helpers.php(124): Illuminate\Foundation\Application->make('blade.compiler', Array)
#7 Command line code(1): app('Illuminate\\View...')
#8 {main}
  thrown {"exception":"[object] (Symfony\\Component\\ErrorHandler\\Error\\FatalError(code: 0): Uncaught InvalidArgumentException: Please provide a valid cache path. in C:\\Users\\Administrador\\OneDrive\\SOMOSF5\\Tolls-And-Vehicles\\vendor\\laravel\\framework\\src\\Illuminate\\View\\Compilers\\Compiler.php:67
Stack trace:
#0 C:\\Users\\Administrador\\OneDrive\\SOMOSF5\\Tolls-And-Vehicles\\vendor\\laravel\\framework\\src\\Illuminate\\View\\ViewServiceProvider.php(97): Illuminate\\View\\Compilers\\Compiler->__construct(Object(Illuminate\\Filesystem\\Filesystem), false, '', true, 'php')
#1 C:\\Users\\Administrador\\OneDrive\\SOMOSF5\\Tolls-And-Vehicles\\vendor\\laravel\\framework\\src\\Illuminate\\Container\\Container.php(937): Illuminate\\View\\ViewServiceProvider->Illuminate\\View\\{closure}(Object(Illuminate\\Foundation\\Application), Array)
#2 C:\\Users\\Administrador\\OneDrive\\SOMOSF5\\Tolls-And-Vehicles\\vendor\\laravel\\framework\\src\\Illuminate\\Container\\Container.php(819): Illuminate\\Container\\Container->build(Object(Closure))
#3 C:\\Users\\Administrador\\OneDrive\\SOMOSF5\\Tolls-And-Vehicles\\vendor\\laravel\\framework\\src\\Illuminate\\Foundation\\Application.php(1051): Illuminate\\Container\\Container->resolve('blade.compiler', Array, true)
#4 C:\\Users\\Administrador\\OneDrive\\SOMOSF5\\Tolls-And-Vehicles\\vendor\\laravel\\framework\\src\\Illuminate\\Container\\Container.php(755): Illuminate\\Foundation\\Application->resolve('blade.compiler', Array)
#5 C:\\Users\\Administrador\\OneDrive\\SOMOSF5\\Tolls-And-Vehicles\\vendor\\laravel\\framework\\src\\Illuminate\\Foundation\\Application.php(1033): Illuminate\\Container\\Container->make('blade.compiler', Array)
#6 C:\\Users\\Administrador\\OneDrive\\SOMOSF5\\Tolls-And-Vehicles\\vendor\\laravel\\framework\\src\\Illuminate\\Foundation\\helpers.php(124): Illuminate\\Foundation\\Application->make('blade.compiler', Array)
#7 Command line code(1): app('Illuminate\\\\View...')
#8 {main}
  thrown at C:\\Users\\Administrador\\OneDrive\\SOMOSF5\\Tolls-And-Vehicles\\vendor\\laravel\\framework\\src\\Illuminate\\View\\Compilers\\Compiler.php:67)
[stacktrace]
#0 {main}
"} 
[2025-01-28 11:26:04] local.ERROR: Uncaught InvalidArgumentException: Please provide a valid cache path. in C:\Users\Administrador\OneDrive\SOMOSF5\Tolls-And-Vehicles\vendor\laravel\framework\src\Illuminate\View\Compilers\Compiler.php:67
Stack trace:
#0 C:\Users\Administrador\OneDrive\SOMOSF5\Tolls-And-Vehicles\vendor\laravel\framework\src\Illuminate\View\ViewServiceProvider.php(97): Illuminate\View\Compilers\Compiler->__construct(Object(Illuminate\Filesystem\Filesystem), false, '', true, 'php')
#1 C:\Users\Administrador\OneDrive\SOMOSF5\Tolls-And-Vehicles\vendor\laravel\framework\src\Illuminate\Container\Container.php(937): Illuminate\View\ViewServiceProvider->Illuminate\View\{closure}(Object(Illuminate\Foundation\Application), Array)
#2 C:\Users\Administrador\OneDrive\SOMOSF5\Tolls-And-Vehicles\vendor\laravel\framework\src\Illuminate\Container\Container.php(819): Illuminate\Container\Container->build(Object(Closure))
#3 C:\Users\Administrador\OneDrive\SOMOSF5\Tolls-And-Vehicles\vendor\laravel\framework\src\Illuminate\Foundation\Application.php(1051): Illuminate\Container\Container->resolve('blade.compiler', Array, true)
#4 C:\Users\Administrador\OneDrive\SOMOSF5\Tolls-And-Vehicles\vendor\laravel\framework\src\Illuminate\Container\Container.php(755): Illuminate\Foundation\Application->resolve('blade.compiler', Array)
#5 C:\Users\Administrador\OneDrive\SOMOSF5\Tolls-And-Vehicles\vendor\laravel\framework\src\Illuminate\Foundation\Application.php(1033): Illuminate\Container\Container->make('blade.compiler', Array)
#6 C:\Users\Administrador\OneDrive\SOMOSF5\Tolls-And-Vehicles\vendor\laravel\framework\src\Illuminate\Foundation\helpers.php(124): Illuminate\Foundation\Application->make('blade.compiler', Array)
#7 Command line code(1): app('Illuminate\\View...')
#8 {main}
  thrown {"exception":"[object] (Symfony\\Component\\ErrorHandler\\Error\\FatalError(code: 0): Uncaught InvalidArgumentException: Please provide a valid cache path. in C:\\Users\\Administrador\\OneDrive\\SOMOSF5\\Tolls-And-Vehicles\\vendor\\laravel\\framework\\src\\Illuminate\\View\\Compilers\\Compiler.php:67
Stack trace:
#0 C:\\Users\\Administrador\\OneDrive\\SOMOSF5\\Tolls-And-Vehicles\\vendor\\laravel\\framework\\src\\Illuminate\\View\\ViewServiceProvider.php(97): Illuminate\\View\\Compilers\\Compiler->__construct(Object(Illuminate\\Filesystem\\Filesystem), false, '', true, 'php')
#1 C:\\Users\\Administrador\\OneDrive\\SOMOSF5\\Tolls-And-Vehicles\\vendor\\laravel\\framework\\src\\Illuminate\\Container\\Container.php(937): Illuminate\\View\\ViewServiceProvider->Illuminate\\View\\{closure}(Object(Illuminate\\Foundation\\Application), Array)
#2 C:\\Users\\Administrador\\OneDrive\\SOMOSF5\\Tolls-And-Vehicles\\vendor\\laravel\\framework\\src\\Illuminate\\Container\\Container.php(819): Illuminate\\Container\\Container->build(Object(Closure))
#3 C:\\Users\\Administrador\\OneDrive\\SOMOSF5\\Tolls-And-Vehicles\\vendor\\laravel\\framework\\src\\Illuminate\\Foundation\\Application.php(1051): Illuminate\\Container\\Container->resolve('blade.compiler', Array, true)
#4 C:\\Users\\Administrador\\OneDrive\\SOMOSF5\\Tolls-And-Vehicles\\vendor\\laravel\\framework\\src\\Illuminate\\Container\\Container.php(755): Illuminate\\Foundation\\Application->resolve('blade.compiler', Array)
#5 C:\\Users\\Administrador\\OneDrive\\SOMOSF5\\Tolls-And-Vehicles\\vendor\\laravel\\framework\\src\\Illuminate\\Foundation\\Application.php(1033): Illuminate\\Container\\Container->make('blade.compiler', Array)
#6 C:\\Users\\Administrador\\OneDrive\\SOMOSF5\\Tolls-And-Vehicles\\vendor\\laravel\\framework\\src\\Illuminate\\Foundation\\helpers.php(124): Illuminate\\Foundation\\Application->make('blade.compiler', Array)
#7 Command line code(1): app('Illuminate\\\\View...')
#8 {main}
  thrown at C:\\Users\\Administrador\\OneDrive\\SOMOSF5\\Tolls-And-Vehicles\\vendor\\laravel\\framework\\src\\Illuminate\\View\\Compilers\\Compiler.php:67)
[stacktrace]
#0 {main}
"} 
[2025-01-28 11:36:04] local.ERROR: Uncaught InvalidArgumentException: Please provide a valid cache path. in C:\Users\Administrador\OneDrive\SOMOSF5\Tolls-And-Vehicles\vendor\laravel\framework\src\Illuminate\View\Compilers\Compiler.php:67
Stack trace:
#0 C:\Users\Administrador\OneDrive\SOMOSF5\Tolls-And-Vehicles\vendor\laravel\framework\src\Illuminate\View\ViewServiceProvider.php(97): Illuminate\View\Compilers\Compiler->__construct(Object(Illuminate\Filesystem\Filesystem), false, '', true, 'php')
#1 C:\Users\Administrador\OneDrive\SOMOSF5\Tolls-And-Vehicles\vendor\laravel\framework\src\Illuminate\Container\Container.php(937): Illuminate\View\ViewServiceProvider->Illuminate\View\{closure}(Object(Illuminate\Foundation\Application), Array)
#2 C:\Users\Administrador\OneDrive\SOMOSF5\Tolls-And-Vehicles\vendor\laravel\framework\src\Illuminate\Container\Container.php(819): Illuminate\Container\Container->build(Object(Closure))
#3 C:\Users\Administrador\OneDrive\SOMOSF5\Tolls-And-Vehicles\vendor\laravel\framework\src\Illuminate\Foundation\Application.php(1051): Illuminate\Container\Container->resolve('blade.compiler', Array, true)
#4 C:\Users\Administrador\OneDrive\SOMOSF5\Tolls-And-Vehicles\vendor\laravel\framework\src\Illuminate\Container\Container.php(755): Illuminate\Foundation\Application->resolve('blade.compiler', Array)
#5 C:\Users\Administrador\OneDrive\SOMOSF5\Tolls-And-Vehicles\vendor\laravel\framework\src\Illuminate\Foundation\Application.php(1033): Illuminate\Container\Container->make('blade.compiler', Array)
#6 C:\Users\Administrador\OneDrive\SOMOSF5\Tolls-And-Vehicles\vendor\laravel\framework\src\Illuminate\Foundation\helpers.php(124): Illuminate\Foundation\Application->make('blade.compiler', Array)
#7 Command line code(1): app('Illuminate\\View...')
#8 {main}
  thrown {"exception":"[object] (Symfony\\Component\\ErrorHandler\\Error\\FatalError(code: 0): Uncaught InvalidArgumentException: Please provide a valid cache path. in C:\\Users\\Administrador\\OneDrive\\SOMOSF5\\Tolls-And-Vehicles\\vendor\\laravel\\framework\\src\\Illuminate\\View\\Compilers\\Compiler.php:67
Stack trace:
#0 C:\\Users\\Administrador\\OneDrive\\SOMOSF5\\Tolls-And-Vehicles\\vendor\\laravel\\framework\\src\\Illuminate\\View\\ViewServiceProvider.php(97): Illuminate\\View\\Compilers\\Compiler->__construct(Object(Illuminate\\Filesystem\\Filesystem), false, '', true, 'php')
#1 C:\\Users\\Administrador\\OneDrive\\SOMOSF5\\Tolls-And-Vehicles\\vendor\\laravel\\framework\\src\\Illuminate\\Container\\Container.php(937): Illuminate\\View\\ViewServiceProvider->Illuminate\\View\\{closure}(Object(Illuminate\\Foundation\\Application), Array)
#2 C:\\Users\\Administrador\\OneDrive\\SOMOSF5\\Tolls-And-Vehicles\\vendor\\laravel\\framework\\src\\Illuminate\\Container\\Container.php(819): Illuminate\\Container\\Container->build(Object(Closure))
#3 C:\\Users\\Administrador\\OneDrive\\SOMOSF5\\Tolls-And-Vehicles\\vendor\\laravel\\framework\\src\\Illuminate\\Foundation\\Application.php(1051): Illuminate\\Container\\Container->resolve('blade.compiler', Array, true)
#4 C:\\Users\\Administrador\\OneDrive\\SOMOSF5\\Tolls-And-Vehicles\\vendor\\laravel\\framework\\src\\Illuminate\\Container\\Container.php(755): Illuminate\\Foundation\\Application->resolve('blade.compiler', Array)
#5 C:\\Users\\Administrador\\OneDrive\\SOMOSF5\\Tolls-And-Vehicles\\vendor\\laravel\\framework\\src\\Illuminate\\Foundation\\Application.php(1033): Illuminate\\Container\\Container->make('blade.compiler', Array)
#6 C:\\Users\\Administrador\\OneDrive\\SOMOSF5\\Tolls-And-Vehicles\\vendor\\laravel\\framework\\src\\Illuminate\\Foundation\\helpers.php(124): Illuminate\\Foundation\\Application->make('blade.compiler', Array)
#7 Command line code(1): app('Illuminate\\\\View...')
#8 {main}
  thrown at C:\\Users\\Administrador\\OneDrive\\SOMOSF5\\Tolls-And-Vehicles\\vendor\\laravel\\framework\\src\\Illuminate\\View\\Compilers\\Compiler.php:67)
[stacktrace]
#0 {main}
"} 
[2025-01-28 11:46:04] local.ERROR: Uncaught InvalidArgumentException: Please provide a valid cache path. in C:\Users\Administrador\OneDrive\SOMOSF5\Tolls-And-Vehicles\vendor\laravel\framework\src\Illuminate\View\Compilers\Compiler.php:67
Stack trace:
#0 C:\Users\Administrador\OneDrive\SOMOSF5\Tolls-And-Vehicles\vendor\laravel\framework\src\Illuminate\View\ViewServiceProvider.php(97): Illuminate\View\Compilers\Compiler->__construct(Object(Illuminate\Filesystem\Filesystem), false, '', true, 'php')
#1 C:\Users\Administrador\OneDrive\SOMOSF5\Tolls-And-Vehicles\vendor\laravel\framework\src\Illuminate\Container\Container.php(937): Illuminate\View\ViewServiceProvider->Illuminate\View\{closure}(Object(Illuminate\Foundation\Application), Array)
#2 C:\Users\Administrador\OneDrive\SOMOSF5\Tolls-And-Vehicles\vendor\laravel\framework\src\Illuminate\Container\Container.php(819): Illuminate\Container\Container->build(Object(Closure))
#3 C:\Users\Administrador\OneDrive\SOMOSF5\Tolls-And-Vehicles\vendor\laravel\framework\src\Illuminate\Foundation\Application.php(1051): Illuminate\Container\Container->resolve('blade.compiler', Array, true)
#4 C:\Users\Administrador\OneDrive\SOMOSF5\Tolls-And-Vehicles\vendor\laravel\framework\src\Illuminate\Container\Container.php(755): Illuminate\Foundation\Application->resolve('blade.compiler', Array)
#5 C:\Users\Administrador\OneDrive\SOMOSF5\Tolls-And-Vehicles\vendor\laravel\framework\src\Illuminate\Foundation\Application.php(1033): Illuminate\Container\Container->make('blade.compiler', Array)
#6 C:\Users\Administrador\OneDrive\SOMOSF5\Tolls-And-Vehicles\vendor\laravel\framework\src\Illuminate\Foundation\helpers.php(124): Illuminate\Foundation\Application->make('blade.compiler', Array)
#7 Command line code(1): app('Illuminate\\View...')
#8 {main}
  thrown {"exception":"[object] (Symfony\\Component\\ErrorHandler\\Error\\FatalError(code: 0): Uncaught InvalidArgumentException: Please provide a valid cache path. in C:\\Users\\Administrador\\OneDrive\\SOMOSF5\\Tolls-And-Vehicles\\vendor\\laravel\\framework\\src\\Illuminate\\View\\Compilers\\Compiler.php:67
Stack trace:
#0 C:\\Users\\Administrador\\OneDrive\\SOMOSF5\\Tolls-And-Vehicles\\vendor\\laravel\\framework\\src\\Illuminate\\View\\ViewServiceProvider.php(97): Illuminate\\View\\Compilers\\Compiler->__construct(Object(Illuminate\\Filesystem\\Filesystem), false, '', true, 'php')
#1 C:\\Users\\Administrador\\OneDrive\\SOMOSF5\\Tolls-And-Vehicles\\vendor\\laravel\\framework\\src\\Illuminate\\Container\\Container.php(937): Illuminate\\View\\ViewServiceProvider->Illuminate\\View\\{closure}(Object(Illuminate\\Foundation\\Application), Array)
#2 C:\\Users\\Administrador\\OneDrive\\SOMOSF5\\Tolls-And-Vehicles\\vendor\\laravel\\framework\\src\\Illuminate\\Container\\Container.php(819): Illuminate\\Container\\Container->build(Object(Closure))
#3 C:\\Users\\Administrador\\OneDrive\\SOMOSF5\\Tolls-And-Vehicles\\vendor\\laravel\\framework\\src\\Illuminate\\Foundation\\Application.php(1051): Illuminate\\Container\\Container->resolve('blade.compiler', Array, true)
#4 C:\\Users\\Administrador\\OneDrive\\SOMOSF5\\Tolls-And-Vehicles\\vendor\\laravel\\framework\\src\\Illuminate\\Container\\Container.php(755): Illuminate\\Foundation\\Application->resolve('blade.compiler', Array)
#5 C:\\Users\\Administrador\\OneDrive\\SOMOSF5\\Tolls-And-Vehicles\\vendor\\laravel\\framework\\src\\Illuminate\\Foundation\\Application.php(1033): Illuminate\\Container\\Container->make('blade.compiler', Array)
#6 C:\\Users\\Administrador\\OneDrive\\SOMOSF5\\Tolls-And-Vehicles\\vendor\\laravel\\framework\\src\\Illuminate\\Foundation\\helpers.php(124): Illuminate\\Foundation\\Application->make('blade.compiler', Array)
#7 Command line code(1): app('Illuminate\\\\View...')
#8 {main}
  thrown at C:\\Users\\Administrador\\OneDrive\\SOMOSF5\\Tolls-And-Vehicles\\vendor\\laravel\\framework\\src\\Illuminate\\View\\Compilers\\Compiler.php:67)
[stacktrace]
#0 {main}
"} 
[2025-01-28 11:56:04] local.ERROR: Uncaught InvalidArgumentException: Please provide a valid cache path. in C:\Users\Administrador\OneDrive\SOMOSF5\Tolls-And-Vehicles\vendor\laravel\framework\src\Illuminate\View\Compilers\Compiler.php:67
Stack trace:
#0 C:\Users\Administrador\OneDrive\SOMOSF5\Tolls-And-Vehicles\vendor\laravel\framework\src\Illuminate\View\ViewServiceProvider.php(97): Illuminate\View\Compilers\Compiler->__construct(Object(Illuminate\Filesystem\Filesystem), false, '', true, 'php')
#1 C:\Users\Administrador\OneDrive\SOMOSF5\Tolls-And-Vehicles\vendor\laravel\framework\src\Illuminate\Container\Container.php(937): Illuminate\View\ViewServiceProvider->Illuminate\View\{closure}(Object(Illuminate\Foundation\Application), Array)
#2 C:\Users\Administrador\OneDrive\SOMOSF5\Tolls-And-Vehicles\vendor\laravel\framework\src\Illuminate\Container\Container.php(819): Illuminate\Container\Container->build(Object(Closure))
#3 C:\Users\Administrador\OneDrive\SOMOSF5\Tolls-And-Vehicles\vendor\laravel\framework\src\Illuminate\Foundation\Application.php(1051): Illuminate\Container\Container->resolve('blade.compiler', Array, true)
#4 C:\Users\Administrador\OneDrive\SOMOSF5\Tolls-And-Vehicles\vendor\laravel\framework\src\Illuminate\Container\Container.php(755): Illuminate\Foundation\Application->resolve('blade.compiler', Array)
#5 C:\Users\Administrador\OneDrive\SOMOSF5\Tolls-And-Vehicles\vendor\laravel\framework\src\Illuminate\Foundation\Application.php(1033): Illuminate\Container\Container->make('blade.compiler', Array)
#6 C:\Users\Administrador\OneDrive\SOMOSF5\Tolls-And-Vehicles\vendor\laravel\framework\src\Illuminate\Foundation\helpers.php(124): Illuminate\Foundation\Application->make('blade.compiler', Array)
#7 Command line code(1): app('Illuminate\\View...')
#8 {main}
  thrown {"exception":"[object] (Symfony\\Component\\ErrorHandler\\Error\\FatalError(code: 0): Uncaught InvalidArgumentException: Please provide a valid cache path. in C:\\Users\\Administrador\\OneDrive\\SOMOSF5\\Tolls-And-Vehicles\\vendor\\laravel\\framework\\src\\Illuminate\\View\\Compilers\\Compiler.php:67
Stack trace:
#0 C:\\Users\\Administrador\\OneDrive\\SOMOSF5\\Tolls-And-Vehicles\\vendor\\laravel\\framework\\src\\Illuminate\\View\\ViewServiceProvider.php(97): Illuminate\\View\\Compilers\\Compiler->__construct(Object(Illuminate\\Filesystem\\Filesystem), false, '', true, 'php')
#1 C:\\Users\\Administrador\\OneDrive\\SOMOSF5\\Tolls-And-Vehicles\\vendor\\laravel\\framework\\src\\Illuminate\\Container\\Container.php(937): Illuminate\\View\\ViewServiceProvider->Illuminate\\View\\{closure}(Object(Illuminate\\Foundation\\Application), Array)
#2 C:\\Users\\Administrador\\OneDrive\\SOMOSF5\\Tolls-And-Vehicles\\vendor\\laravel\\framework\\src\\Illuminate\\Container\\Container.php(819): Illuminate\\Container\\Container->build(Object(Closure))
#3 C:\\Users\\Administrador\\OneDrive\\SOMOSF5\\Tolls-And-Vehicles\\vendor\\laravel\\framework\\src\\Illuminate\\Foundation\\Application.php(1051): Illuminate\\Container\\Container->resolve('blade.compiler', Array, true)
#4 C:\\Users\\Administrador\\OneDrive\\SOMOSF5\\Tolls-And-Vehicles\\vendor\\laravel\\framework\\src\\Illuminate\\Container\\Container.php(755): Illuminate\\Foundation\\Application->resolve('blade.compiler', Array)
#5 C:\\Users\\Administrador\\OneDrive\\SOMOSF5\\Tolls-And-Vehicles\\vendor\\laravel\\framework\\src\\Illuminate\\Foundation\\Application.php(1033): Illuminate\\Container\\Container->make('blade.compiler', Array)
#6 C:\\Users\\Administrador\\OneDrive\\SOMOSF5\\Tolls-And-Vehicles\\vendor\\laravel\\framework\\src\\Illuminate\\Foundation\\helpers.php(124): Illuminate\\Foundation\\Application->make('blade.compiler', Array)
#7 Command line code(1): app('Illuminate\\\\View...')
#8 {main}
  thrown at C:\\Users\\Administrador\\OneDrive\\SOMOSF5\\Tolls-And-Vehicles\\vendor\\laravel\\framework\\src\\Illuminate\\View\\Compilers\\Compiler.php:67)
[stacktrace]
#0 {main}
"} 
[2025-01-28 12:06:04] local.ERROR: Uncaught InvalidArgumentException: Please provide a valid cache path. in C:\Users\Administrador\OneDrive\SOMOSF5\Tolls-And-Vehicles\vendor\laravel\framework\src\Illuminate\View\Compilers\Compiler.php:67
Stack trace:
#0 C:\Users\Administrador\OneDrive\SOMOSF5\Tolls-And-Vehicles\vendor\laravel\framework\src\Illuminate\View\ViewServiceProvider.php(97): Illuminate\View\Compilers\Compiler->__construct(Object(Illuminate\Filesystem\Filesystem), false, '', true, 'php')
#1 C:\Users\Administrador\OneDrive\SOMOSF5\Tolls-And-Vehicles\vendor\laravel\framework\src\Illuminate\Container\Container.php(937): Illuminate\View\ViewServiceProvider->Illuminate\View\{closure}(Object(Illuminate\Foundation\Application), Array)
#2 C:\Users\Administrador\OneDrive\SOMOSF5\Tolls-And-Vehicles\vendor\laravel\framework\src\Illuminate\Container\Container.php(819): Illuminate\Container\Container->build(Object(Closure))
#3 C:\Users\Administrador\OneDrive\SOMOSF5\Tolls-And-Vehicles\vendor\laravel\framework\src\Illuminate\Foundation\Application.php(1051): Illuminate\Container\Container->resolve('blade.compiler', Array, true)
#4 C:\Users\Administrador\OneDrive\SOMOSF5\Tolls-And-Vehicles\vendor\laravel\framework\src\Illuminate\Container\Container.php(755): Illuminate\Foundation\Application->resolve('blade.compiler', Array)
#5 C:\Users\Administrador\OneDrive\SOMOSF5\Tolls-And-Vehicles\vendor\laravel\framework\src\Illuminate\Foundation\Application.php(1033): Illuminate\Container\Container->make('blade.compiler', Array)
#6 C:\Users\Administrador\OneDrive\SOMOSF5\Tolls-And-Vehicles\vendor\laravel\framework\src\Illuminate\Foundation\helpers.php(124): Illuminate\Foundation\Application->make('blade.compiler', Array)
#7 Command line code(1): app('Illuminate\\View...')
#8 {main}
  thrown {"exception":"[object] (Symfony\\Component\\ErrorHandler\\Error\\FatalError(code: 0): Uncaught InvalidArgumentException: Please provide a valid cache path. in C:\\Users\\Administrador\\OneDrive\\SOMOSF5\\Tolls-And-Vehicles\\vendor\\laravel\\framework\\src\\Illuminate\\View\\Compilers\\Compiler.php:67
Stack trace:
#0 C:\\Users\\Administrador\\OneDrive\\SOMOSF5\\Tolls-And-Vehicles\\vendor\\laravel\\framework\\src\\Illuminate\\View\\ViewServiceProvider.php(97): Illuminate\\View\\Compilers\\Compiler->__construct(Object(Illuminate\\Filesystem\\Filesystem), false, '', true, 'php')
#1 C:\\Users\\Administrador\\OneDrive\\SOMOSF5\\Tolls-And-Vehicles\\vendor\\laravel\\framework\\src\\Illuminate\\Container\\Container.php(937): Illuminate\\View\\ViewServiceProvider->Illuminate\\View\\{closure}(Object(Illuminate\\Foundation\\Application), Array)
#2 C:\\Users\\Administrador\\OneDrive\\SOMOSF5\\Tolls-And-Vehicles\\vendor\\laravel\\framework\\src\\Illuminate\\Container\\Container.php(819): Illuminate\\Container\\Container->build(Object(Closure))
#3 C:\\Users\\Administrador\\OneDrive\\SOMOSF5\\Tolls-And-Vehicles\\vendor\\laravel\\framework\\src\\Illuminate\\Foundation\\Application.php(1051): Illuminate\\Container\\Container->resolve('blade.compiler', Array, true)
#4 C:\\Users\\Administrador\\OneDrive\\SOMOSF5\\Tolls-And-Vehicles\\vendor\\laravel\\framework\\src\\Illuminate\\Container\\Container.php(755): Illuminate\\Foundation\\Application->resolve('blade.compiler', Array)
#5 C:\\Users\\Administrador\\OneDrive\\SOMOSF5\\Tolls-And-Vehicles\\vendor\\laravel\\framework\\src\\Illuminate\\Foundation\\Application.php(1033): Illuminate\\Container\\Container->make('blade.compiler', Array)
#6 C:\\Users\\Administrador\\OneDrive\\SOMOSF5\\Tolls-And-Vehicles\\vendor\\laravel\\framework\\src\\Illuminate\\Foundation\\helpers.php(124): Illuminate\\Foundation\\Application->make('blade.compiler', Array)
#7 Command line code(1): app('Illuminate\\\\View...')
#8 {main}
  thrown at C:\\Users\\Administrador\\OneDrive\\SOMOSF5\\Tolls-And-Vehicles\\vendor\\laravel\\framework\\src\\Illuminate\\View\\Compilers\\Compiler.php:67)
[stacktrace]
#0 {main}
"} 
[2025-01-28 12:16:04] local.ERROR: Uncaught InvalidArgumentException: Please provide a valid cache path. in C:\Users\Administrador\OneDrive\SOMOSF5\Tolls-And-Vehicles\vendor\laravel\framework\src\Illuminate\View\Compilers\Compiler.php:67
Stack trace:
#0 C:\Users\Administrador\OneDrive\SOMOSF5\Tolls-And-Vehicles\vendor\laravel\framework\src\Illuminate\View\ViewServiceProvider.php(97): Illuminate\View\Compilers\Compiler->__construct(Object(Illuminate\Filesystem\Filesystem), false, '', true, 'php')
#1 C:\Users\Administrador\OneDrive\SOMOSF5\Tolls-And-Vehicles\vendor\laravel\framework\src\Illuminate\Container\Container.php(937): Illuminate\View\ViewServiceProvider->Illuminate\View\{closure}(Object(Illuminate\Foundation\Application), Array)
#2 C:\Users\Administrador\OneDrive\SOMOSF5\Tolls-And-Vehicles\vendor\laravel\framework\src\Illuminate\Container\Container.php(819): Illuminate\Container\Container->build(Object(Closure))
#3 C:\Users\Administrador\OneDrive\SOMOSF5\Tolls-And-Vehicles\vendor\laravel\framework\src\Illuminate\Foundation\Application.php(1051): Illuminate\Container\Container->resolve('blade.compiler', Array, true)
#4 C:\Users\Administrador\OneDrive\SOMOSF5\Tolls-And-Vehicles\vendor\laravel\framework\src\Illuminate\Container\Container.php(755): Illuminate\Foundation\Application->resolve('blade.compiler', Array)
#5 C:\Users\Administrador\OneDrive\SOMOSF5\Tolls-And-Vehicles\vendor\laravel\framework\src\Illuminate\Foundation\Application.php(1033): Illuminate\Container\Container->make('blade.compiler', Array)
#6 C:\Users\Administrador\OneDrive\SOMOSF5\Tolls-And-Vehicles\vendor\laravel\framework\src\Illuminate\Foundation\helpers.php(124): Illuminate\Foundation\Application->make('blade.compiler', Array)
#7 Command line code(1): app('Illuminate\\View...')
#8 {main}
  thrown {"exception":"[object] (Symfony\\Component\\ErrorHandler\\Error\\FatalError(code: 0): Uncaught InvalidArgumentException: Please provide a valid cache path. in C:\\Users\\Administrador\\OneDrive\\SOMOSF5\\Tolls-And-Vehicles\\vendor\\laravel\\framework\\src\\Illuminate\\View\\Compilers\\Compiler.php:67
Stack trace:
#0 C:\\Users\\Administrador\\OneDrive\\SOMOSF5\\Tolls-And-Vehicles\\vendor\\laravel\\framework\\src\\Illuminate\\View\\ViewServiceProvider.php(97): Illuminate\\View\\Compilers\\Compiler->__construct(Object(Illuminate\\Filesystem\\Filesystem), false, '', true, 'php')
#1 C:\\Users\\Administrador\\OneDrive\\SOMOSF5\\Tolls-And-Vehicles\\vendor\\laravel\\framework\\src\\Illuminate\\Container\\Container.php(937): Illuminate\\View\\ViewServiceProvider->Illuminate\\View\\{closure}(Object(Illuminate\\Foundation\\Application), Array)
#2 C:\\Users\\Administrador\\OneDrive\\SOMOSF5\\Tolls-And-Vehicles\\vendor\\laravel\\framework\\src\\Illuminate\\Container\\Container.php(819): Illuminate\\Container\\Container->build(Object(Closure))
#3 C:\\Users\\Administrador\\OneDrive\\SOMOSF5\\Tolls-And-Vehicles\\vendor\\laravel\\framework\\src\\Illuminate\\Foundation\\Application.php(1051): Illuminate\\Container\\Container->resolve('blade.compiler', Array, true)
#4 C:\\Users\\Administrador\\OneDrive\\SOMOSF5\\Tolls-And-Vehicles\\vendor\\laravel\\framework\\src\\Illuminate\\Container\\Container.php(755): Illuminate\\Foundation\\Application->resolve('blade.compiler', Array)
#5 C:\\Users\\Administrador\\OneDrive\\SOMOSF5\\Tolls-And-Vehicles\\vendor\\laravel\\framework\\src\\Illuminate\\Foundation\\Application.php(1033): Illuminate\\Container\\Container->make('blade.compiler', Array)
#6 C:\\Users\\Administrador\\OneDrive\\SOMOSF5\\Tolls-And-Vehicles\\vendor\\laravel\\framework\\src\\Illuminate\\Foundation\\helpers.php(124): Illuminate\\Foundation\\Application->make('blade.compiler', Array)
#7 Command line code(1): app('Illuminate\\\\View...')
#8 {main}
  thrown at C:\\Users\\Administrador\\OneDrive\\SOMOSF5\\Tolls-And-Vehicles\\vendor\\laravel\\framework\\src\\Illuminate\\View\\Compilers\\Compiler.php:67)
[stacktrace]
#0 {main}
"} 
[2025-01-28 12:26:04] local.ERROR: Uncaught InvalidArgumentException: Please provide a valid cache path. in C:\Users\Administrador\OneDrive\SOMOSF5\Tolls-And-Vehicles\vendor\laravel\framework\src\Illuminate\View\Compilers\Compiler.php:67
Stack trace:
#0 C:\Users\Administrador\OneDrive\SOMOSF5\Tolls-And-Vehicles\vendor\laravel\framework\src\Illuminate\View\ViewServiceProvider.php(97): Illuminate\View\Compilers\Compiler->__construct(Object(Illuminate\Filesystem\Filesystem), false, '', true, 'php')
#1 C:\Users\Administrador\OneDrive\SOMOSF5\Tolls-And-Vehicles\vendor\laravel\framework\src\Illuminate\Container\Container.php(937): Illuminate\View\ViewServiceProvider->Illuminate\View\{closure}(Object(Illuminate\Foundation\Application), Array)
#2 C:\Users\Administrador\OneDrive\SOMOSF5\Tolls-And-Vehicles\vendor\laravel\framework\src\Illuminate\Container\Container.php(819): Illuminate\Container\Container->build(Object(Closure))
#3 C:\Users\Administrador\OneDrive\SOMOSF5\Tolls-And-Vehicles\vendor\laravel\framework\src\Illuminate\Foundation\Application.php(1051): Illuminate\Container\Container->resolve('blade.compiler', Array, true)
#4 C:\Users\Administrador\OneDrive\SOMOSF5\Tolls-And-Vehicles\vendor\laravel\framework\src\Illuminate\Container\Container.php(755): Illuminate\Foundation\Application->resolve('blade.compiler', Array)
#5 C:\Users\Administrador\OneDrive\SOMOSF5\Tolls-And-Vehicles\vendor\laravel\framework\src\Illuminate\Foundation\Application.php(1033): Illuminate\Container\Container->make('blade.compiler', Array)
#6 C:\Users\Administrador\OneDrive\SOMOSF5\Tolls-And-Vehicles\vendor\laravel\framework\src\Illuminate\Foundation\helpers.php(124): Illuminate\Foundation\Application->make('blade.compiler', Array)
#7 Command line code(1): app('Illuminate\\View...')
#8 {main}
  thrown {"exception":"[object] (Symfony\\Component\\ErrorHandler\\Error\\FatalError(code: 0): Uncaught InvalidArgumentException: Please provide a valid cache path. in C:\\Users\\Administrador\\OneDrive\\SOMOSF5\\Tolls-And-Vehicles\\vendor\\laravel\\framework\\src\\Illuminate\\View\\Compilers\\Compiler.php:67
Stack trace:
#0 C:\\Users\\Administrador\\OneDrive\\SOMOSF5\\Tolls-And-Vehicles\\vendor\\laravel\\framework\\src\\Illuminate\\View\\ViewServiceProvider.php(97): Illuminate\\View\\Compilers\\Compiler->__construct(Object(Illuminate\\Filesystem\\Filesystem), false, '', true, 'php')
#1 C:\\Users\\Administrador\\OneDrive\\SOMOSF5\\Tolls-And-Vehicles\\vendor\\laravel\\framework\\src\\Illuminate\\Container\\Container.php(937): Illuminate\\View\\ViewServiceProvider->Illuminate\\View\\{closure}(Object(Illuminate\\Foundation\\Application), Array)
#2 C:\\Users\\Administrador\\OneDrive\\SOMOSF5\\Tolls-And-Vehicles\\vendor\\laravel\\framework\\src\\Illuminate\\Container\\Container.php(819): Illuminate\\Container\\Container->build(Object(Closure))
#3 C:\\Users\\Administrador\\OneDrive\\SOMOSF5\\Tolls-And-Vehicles\\vendor\\laravel\\framework\\src\\Illuminate\\Foundation\\Application.php(1051): Illuminate\\Container\\Container->resolve('blade.compiler', Array, true)
#4 C:\\Users\\Administrador\\OneDrive\\SOMOSF5\\Tolls-And-Vehicles\\vendor\\laravel\\framework\\src\\Illuminate\\Container\\Container.php(755): Illuminate\\Foundation\\Application->resolve('blade.compiler', Array)
#5 C:\\Users\\Administrador\\OneDrive\\SOMOSF5\\Tolls-And-Vehicles\\vendor\\laravel\\framework\\src\\Illuminate\\Foundation\\Application.php(1033): Illuminate\\Container\\Container->make('blade.compiler', Array)
#6 C:\\Users\\Administrador\\OneDrive\\SOMOSF5\\Tolls-And-Vehicles\\vendor\\laravel\\framework\\src\\Illuminate\\Foundation\\helpers.php(124): Illuminate\\Foundation\\Application->make('blade.compiler', Array)
#7 Command line code(1): app('Illuminate\\\\View...')
#8 {main}
  thrown at C:\\Users\\Administrador\\OneDrive\\SOMOSF5\\Tolls-And-Vehicles\\vendor\\laravel\\framework\\src\\Illuminate\\View\\Compilers\\Compiler.php:67)
[stacktrace]
#0 {main}
"} 
[2025-01-28 12:36:04] local.ERROR: Uncaught InvalidArgumentException: Please provide a valid cache path. in C:\Users\Administrador\OneDrive\SOMOSF5\Tolls-And-Vehicles\vendor\laravel\framework\src\Illuminate\View\Compilers\Compiler.php:67
Stack trace:
#0 C:\Users\Administrador\OneDrive\SOMOSF5\Tolls-And-Vehicles\vendor\laravel\framework\src\Illuminate\View\ViewServiceProvider.php(97): Illuminate\View\Compilers\Compiler->__construct(Object(Illuminate\Filesystem\Filesystem), false, '', true, 'php')
#1 C:\Users\Administrador\OneDrive\SOMOSF5\Tolls-And-Vehicles\vendor\laravel\framework\src\Illuminate\Container\Container.php(937): Illuminate\View\ViewServiceProvider->Illuminate\View\{closure}(Object(Illuminate\Foundation\Application), Array)
#2 C:\Users\Administrador\OneDrive\SOMOSF5\Tolls-And-Vehicles\vendor\laravel\framework\src\Illuminate\Container\Container.php(819): Illuminate\Container\Container->build(Object(Closure))
#3 C:\Users\Administrador\OneDrive\SOMOSF5\Tolls-And-Vehicles\vendor\laravel\framework\src\Illuminate\Foundation\Application.php(1051): Illuminate\Container\Container->resolve('blade.compiler', Array, true)
#4 C:\Users\Administrador\OneDrive\SOMOSF5\Tolls-And-Vehicles\vendor\laravel\framework\src\Illuminate\Container\Container.php(755): Illuminate\Foundation\Application->resolve('blade.compiler', Array)
#5 C:\Users\Administrador\OneDrive\SOMOSF5\Tolls-And-Vehicles\vendor\laravel\framework\src\Illuminate\Foundation\Application.php(1033): Illuminate\Container\Container->make('blade.compiler', Array)
#6 C:\Users\Administrador\OneDrive\SOMOSF5\Tolls-And-Vehicles\vendor\laravel\framework\src\Illuminate\Foundation\helpers.php(124): Illuminate\Foundation\Application->make('blade.compiler', Array)
#7 Command line code(1): app('Illuminate\\View...')
#8 {main}
  thrown {"exception":"[object] (Symfony\\Component\\ErrorHandler\\Error\\FatalError(code: 0): Uncaught InvalidArgumentException: Please provide a valid cache path. in C:\\Users\\Administrador\\OneDrive\\SOMOSF5\\Tolls-And-Vehicles\\vendor\\laravel\\framework\\src\\Illuminate\\View\\Compilers\\Compiler.php:67
Stack trace:
#0 C:\\Users\\Administrador\\OneDrive\\SOMOSF5\\Tolls-And-Vehicles\\vendor\\laravel\\framework\\src\\Illuminate\\View\\ViewServiceProvider.php(97): Illuminate\\View\\Compilers\\Compiler->__construct(Object(Illuminate\\Filesystem\\Filesystem), false, '', true, 'php')
#1 C:\\Users\\Administrador\\OneDrive\\SOMOSF5\\Tolls-And-Vehicles\\vendor\\laravel\\framework\\src\\Illuminate\\Container\\Container.php(937): Illuminate\\View\\ViewServiceProvider->Illuminate\\View\\{closure}(Object(Illuminate\\Foundation\\Application), Array)
#2 C:\\Users\\Administrador\\OneDrive\\SOMOSF5\\Tolls-And-Vehicles\\vendor\\laravel\\framework\\src\\Illuminate\\Container\\Container.php(819): Illuminate\\Container\\Container->build(Object(Closure))
#3 C:\\Users\\Administrador\\OneDrive\\SOMOSF5\\Tolls-And-Vehicles\\vendor\\laravel\\framework\\src\\Illuminate\\Foundation\\Application.php(1051): Illuminate\\Container\\Container->resolve('blade.compiler', Array, true)
#4 C:\\Users\\Administrador\\OneDrive\\SOMOSF5\\Tolls-And-Vehicles\\vendor\\laravel\\framework\\src\\Illuminate\\Container\\Container.php(755): Illuminate\\Foundation\\Application->resolve('blade.compiler', Array)
#5 C:\\Users\\Administrador\\OneDrive\\SOMOSF5\\Tolls-And-Vehicles\\vendor\\laravel\\framework\\src\\Illuminate\\Foundation\\Application.php(1033): Illuminate\\Container\\Container->make('blade.compiler', Array)
#6 C:\\Users\\Administrador\\OneDrive\\SOMOSF5\\Tolls-And-Vehicles\\vendor\\laravel\\framework\\src\\Illuminate\\Foundation\\helpers.php(124): Illuminate\\Foundation\\Application->make('blade.compiler', Array)
#7 Command line code(1): app('Illuminate\\\\View...')
#8 {main}
  thrown at C:\\Users\\Administrador\\OneDrive\\SOMOSF5\\Tolls-And-Vehicles\\vendor\\laravel\\framework\\src\\Illuminate\\View\\Compilers\\Compiler.php:67)
[stacktrace]
#0 {main}
"} 
[2025-01-28 12:46:04] local.ERROR: Uncaught InvalidArgumentException: Please provide a valid cache path. in C:\Users\Administrador\OneDrive\SOMOSF5\Tolls-And-Vehicles\vendor\laravel\framework\src\Illuminate\View\Compilers\Compiler.php:67
Stack trace:
#0 C:\Users\Administrador\OneDrive\SOMOSF5\Tolls-And-Vehicles\vendor\laravel\framework\src\Illuminate\View\ViewServiceProvider.php(97): Illuminate\View\Compilers\Compiler->__construct(Object(Illuminate\Filesystem\Filesystem), false, '', true, 'php')
#1 C:\Users\Administrador\OneDrive\SOMOSF5\Tolls-And-Vehicles\vendor\laravel\framework\src\Illuminate\Container\Container.php(937): Illuminate\View\ViewServiceProvider->Illuminate\View\{closure}(Object(Illuminate\Foundation\Application), Array)
#2 C:\Users\Administrador\OneDrive\SOMOSF5\Tolls-And-Vehicles\vendor\laravel\framework\src\Illuminate\Container\Container.php(819): Illuminate\Container\Container->build(Object(Closure))
#3 C:\Users\Administrador\OneDrive\SOMOSF5\Tolls-And-Vehicles\vendor\laravel\framework\src\Illuminate\Foundation\Application.php(1051): Illuminate\Container\Container->resolve('blade.compiler', Array, true)
#4 C:\Users\Administrador\OneDrive\SOMOSF5\Tolls-And-Vehicles\vendor\laravel\framework\src\Illuminate\Container\Container.php(755): Illuminate\Foundation\Application->resolve('blade.compiler', Array)
#5 C:\Users\Administrador\OneDrive\SOMOSF5\Tolls-And-Vehicles\vendor\laravel\framework\src\Illuminate\Foundation\Application.php(1033): Illuminate\Container\Container->make('blade.compiler', Array)
#6 C:\Users\Administrador\OneDrive\SOMOSF5\Tolls-And-Vehicles\vendor\laravel\framework\src\Illuminate\Foundation\helpers.php(124): Illuminate\Foundation\Application->make('blade.compiler', Array)
#7 Command line code(1): app('Illuminate\\View...')
#8 {main}
  thrown {"exception":"[object] (Symfony\\Component\\ErrorHandler\\Error\\FatalError(code: 0): Uncaught InvalidArgumentException: Please provide a valid cache path. in C:\\Users\\Administrador\\OneDrive\\SOMOSF5\\Tolls-And-Vehicles\\vendor\\laravel\\framework\\src\\Illuminate\\View\\Compilers\\Compiler.php:67
Stack trace:
#0 C:\\Users\\Administrador\\OneDrive\\SOMOSF5\\Tolls-And-Vehicles\\vendor\\laravel\\framework\\src\\Illuminate\\View\\ViewServiceProvider.php(97): Illuminate\\View\\Compilers\\Compiler->__construct(Object(Illuminate\\Filesystem\\Filesystem), false, '', true, 'php')
#1 C:\\Users\\Administrador\\OneDrive\\SOMOSF5\\Tolls-And-Vehicles\\vendor\\laravel\\framework\\src\\Illuminate\\Container\\Container.php(937): Illuminate\\View\\ViewServiceProvider->Illuminate\\View\\{closure}(Object(Illuminate\\Foundation\\Application), Array)
#2 C:\\Users\\Administrador\\OneDrive\\SOMOSF5\\Tolls-And-Vehicles\\vendor\\laravel\\framework\\src\\Illuminate\\Container\\Container.php(819): Illuminate\\Container\\Container->build(Object(Closure))
#3 C:\\Users\\Administrador\\OneDrive\\SOMOSF5\\Tolls-And-Vehicles\\vendor\\laravel\\framework\\src\\Illuminate\\Foundation\\Application.php(1051): Illuminate\\Container\\Container->resolve('blade.compiler', Array, true)
#4 C:\\Users\\Administrador\\OneDrive\\SOMOSF5\\Tolls-And-Vehicles\\vendor\\laravel\\framework\\src\\Illuminate\\Container\\Container.php(755): Illuminate\\Foundation\\Application->resolve('blade.compiler', Array)
#5 C:\\Users\\Administrador\\OneDrive\\SOMOSF5\\Tolls-And-Vehicles\\vendor\\laravel\\framework\\src\\Illuminate\\Foundation\\Application.php(1033): Illuminate\\Container\\Container->make('blade.compiler', Array)
#6 C:\\Users\\Administrador\\OneDrive\\SOMOSF5\\Tolls-And-Vehicles\\vendor\\laravel\\framework\\src\\Illuminate\\Foundation\\helpers.php(124): Illuminate\\Foundation\\Application->make('blade.compiler', Array)
#7 Command line code(1): app('Illuminate\\\\View...')
#8 {main}
  thrown at C:\\Users\\Administrador\\OneDrive\\SOMOSF5\\Tolls-And-Vehicles\\vendor\\laravel\\framework\\src\\Illuminate\\View\\Compilers\\Compiler.php:67)
[stacktrace]
#0 {main}
"} 
[2025-01-28 12:56:04] local.ERROR: Uncaught InvalidArgumentException: Please provide a valid cache path. in C:\Users\Administrador\OneDrive\SOMOSF5\Tolls-And-Vehicles\vendor\laravel\framework\src\Illuminate\View\Compilers\Compiler.php:67
Stack trace:
#0 C:\Users\Administrador\OneDrive\SOMOSF5\Tolls-And-Vehicles\vendor\laravel\framework\src\Illuminate\View\ViewServiceProvider.php(97): Illuminate\View\Compilers\Compiler->__construct(Object(Illuminate\Filesystem\Filesystem), false, '', true, 'php')
#1 C:\Users\Administrador\OneDrive\SOMOSF5\Tolls-And-Vehicles\vendor\laravel\framework\src\Illuminate\Container\Container.php(937): Illuminate\View\ViewServiceProvider->Illuminate\View\{closure}(Object(Illuminate\Foundation\Application), Array)
#2 C:\Users\Administrador\OneDrive\SOMOSF5\Tolls-And-Vehicles\vendor\laravel\framework\src\Illuminate\Container\Container.php(819): Illuminate\Container\Container->build(Object(Closure))
#3 C:\Users\Administrador\OneDrive\SOMOSF5\Tolls-And-Vehicles\vendor\laravel\framework\src\Illuminate\Foundation\Application.php(1051): Illuminate\Container\Container->resolve('blade.compiler', Array, true)
#4 C:\Users\Administrador\OneDrive\SOMOSF5\Tolls-And-Vehicles\vendor\laravel\framework\src\Illuminate\Container\Container.php(755): Illuminate\Foundation\Application->resolve('blade.compiler', Array)
#5 C:\Users\Administrador\OneDrive\SOMOSF5\Tolls-And-Vehicles\vendor\laravel\framework\src\Illuminate\Foundation\Application.php(1033): Illuminate\Container\Container->make('blade.compiler', Array)
#6 C:\Users\Administrador\OneDrive\SOMOSF5\Tolls-And-Vehicles\vendor\laravel\framework\src\Illuminate\Foundation\helpers.php(124): Illuminate\Foundation\Application->make('blade.compiler', Array)
#7 Command line code(1): app('Illuminate\\View...')
#8 {main}
  thrown {"exception":"[object] (Symfony\\Component\\ErrorHandler\\Error\\FatalError(code: 0): Uncaught InvalidArgumentException: Please provide a valid cache path. in C:\\Users\\Administrador\\OneDrive\\SOMOSF5\\Tolls-And-Vehicles\\vendor\\laravel\\framework\\src\\Illuminate\\View\\Compilers\\Compiler.php:67
Stack trace:
#0 C:\\Users\\Administrador\\OneDrive\\SOMOSF5\\Tolls-And-Vehicles\\vendor\\laravel\\framework\\src\\Illuminate\\View\\ViewServiceProvider.php(97): Illuminate\\View\\Compilers\\Compiler->__construct(Object(Illuminate\\Filesystem\\Filesystem), false, '', true, 'php')
#1 C:\\Users\\Administrador\\OneDrive\\SOMOSF5\\Tolls-And-Vehicles\\vendor\\laravel\\framework\\src\\Illuminate\\Container\\Container.php(937): Illuminate\\View\\ViewServiceProvider->Illuminate\\View\\{closure}(Object(Illuminate\\Foundation\\Application), Array)
#2 C:\\Users\\Administrador\\OneDrive\\SOMOSF5\\Tolls-And-Vehicles\\vendor\\laravel\\framework\\src\\Illuminate\\Container\\Container.php(819): Illuminate\\Container\\Container->build(Object(Closure))
#3 C:\\Users\\Administrador\\OneDrive\\SOMOSF5\\Tolls-And-Vehicles\\vendor\\laravel\\framework\\src\\Illuminate\\Foundation\\Application.php(1051): Illuminate\\Container\\Container->resolve('blade.compiler', Array, true)
#4 C:\\Users\\Administrador\\OneDrive\\SOMOSF5\\Tolls-And-Vehicles\\vendor\\laravel\\framework\\src\\Illuminate\\Container\\Container.php(755): Illuminate\\Foundation\\Application->resolve('blade.compiler', Array)
#5 C:\\Users\\Administrador\\OneDrive\\SOMOSF5\\Tolls-And-Vehicles\\vendor\\laravel\\framework\\src\\Illuminate\\Foundation\\Application.php(1033): Illuminate\\Container\\Container->make('blade.compiler', Array)
#6 C:\\Users\\Administrador\\OneDrive\\SOMOSF5\\Tolls-And-Vehicles\\vendor\\laravel\\framework\\src\\Illuminate\\Foundation\\helpers.php(124): Illuminate\\Foundation\\Application->make('blade.compiler', Array)
#7 Command line code(1): app('Illuminate\\\\View...')
#8 {main}
  thrown at C:\\Users\\Administrador\\OneDrive\\SOMOSF5\\Tolls-And-Vehicles\\vendor\\laravel\\framework\\src\\Illuminate\\View\\Compilers\\Compiler.php:67)
[stacktrace]
#0 {main}
"} 
[2025-01-28 13:06:04] local.ERROR: Uncaught InvalidArgumentException: Please provide a valid cache path. in C:\Users\Administrador\OneDrive\SOMOSF5\Tolls-And-Vehicles\vendor\laravel\framework\src\Illuminate\View\Compilers\Compiler.php:67
Stack trace:
#0 C:\Users\Administrador\OneDrive\SOMOSF5\Tolls-And-Vehicles\vendor\laravel\framework\src\Illuminate\View\ViewServiceProvider.php(97): Illuminate\View\Compilers\Compiler->__construct(Object(Illuminate\Filesystem\Filesystem), false, '', true, 'php')
#1 C:\Users\Administrador\OneDrive\SOMOSF5\Tolls-And-Vehicles\vendor\laravel\framework\src\Illuminate\Container\Container.php(937): Illuminate\View\ViewServiceProvider->Illuminate\View\{closure}(Object(Illuminate\Foundation\Application), Array)
#2 C:\Users\Administrador\OneDrive\SOMOSF5\Tolls-And-Vehicles\vendor\laravel\framework\src\Illuminate\Container\Container.php(819): Illuminate\Container\Container->build(Object(Closure))
#3 C:\Users\Administrador\OneDrive\SOMOSF5\Tolls-And-Vehicles\vendor\laravel\framework\src\Illuminate\Foundation\Application.php(1051): Illuminate\Container\Container->resolve('blade.compiler', Array, true)
#4 C:\Users\Administrador\OneDrive\SOMOSF5\Tolls-And-Vehicles\vendor\laravel\framework\src\Illuminate\Container\Container.php(755): Illuminate\Foundation\Application->resolve('blade.compiler', Array)
#5 C:\Users\Administrador\OneDrive\SOMOSF5\Tolls-And-Vehicles\vendor\laravel\framework\src\Illuminate\Foundation\Application.php(1033): Illuminate\Container\Container->make('blade.compiler', Array)
#6 C:\Users\Administrador\OneDrive\SOMOSF5\Tolls-And-Vehicles\vendor\laravel\framework\src\Illuminate\Foundation\helpers.php(124): Illuminate\Foundation\Application->make('blade.compiler', Array)
#7 Command line code(1): app('Illuminate\\View...')
#8 {main}
  thrown {"exception":"[object] (Symfony\\Component\\ErrorHandler\\Error\\FatalError(code: 0): Uncaught InvalidArgumentException: Please provide a valid cache path. in C:\\Users\\Administrador\\OneDrive\\SOMOSF5\\Tolls-And-Vehicles\\vendor\\laravel\\framework\\src\\Illuminate\\View\\Compilers\\Compiler.php:67
Stack trace:
#0 C:\\Users\\Administrador\\OneDrive\\SOMOSF5\\Tolls-And-Vehicles\\vendor\\laravel\\framework\\src\\Illuminate\\View\\ViewServiceProvider.php(97): Illuminate\\View\\Compilers\\Compiler->__construct(Object(Illuminate\\Filesystem\\Filesystem), false, '', true, 'php')
#1 C:\\Users\\Administrador\\OneDrive\\SOMOSF5\\Tolls-And-Vehicles\\vendor\\laravel\\framework\\src\\Illuminate\\Container\\Container.php(937): Illuminate\\View\\ViewServiceProvider->Illuminate\\View\\{closure}(Object(Illuminate\\Foundation\\Application), Array)
#2 C:\\Users\\Administrador\\OneDrive\\SOMOSF5\\Tolls-And-Vehicles\\vendor\\laravel\\framework\\src\\Illuminate\\Container\\Container.php(819): Illuminate\\Container\\Container->build(Object(Closure))
#3 C:\\Users\\Administrador\\OneDrive\\SOMOSF5\\Tolls-And-Vehicles\\vendor\\laravel\\framework\\src\\Illuminate\\Foundation\\Application.php(1051): Illuminate\\Container\\Container->resolve('blade.compiler', Array, true)
#4 C:\\Users\\Administrador\\OneDrive\\SOMOSF5\\Tolls-And-Vehicles\\vendor\\laravel\\framework\\src\\Illuminate\\Container\\Container.php(755): Illuminate\\Foundation\\Application->resolve('blade.compiler', Array)
#5 C:\\Users\\Administrador\\OneDrive\\SOMOSF5\\Tolls-And-Vehicles\\vendor\\laravel\\framework\\src\\Illuminate\\Foundation\\Application.php(1033): Illuminate\\Container\\Container->make('blade.compiler', Array)
#6 C:\\Users\\Administrador\\OneDrive\\SOMOSF5\\Tolls-And-Vehicles\\vendor\\laravel\\framework\\src\\Illuminate\\Foundation\\helpers.php(124): Illuminate\\Foundation\\Application->make('blade.compiler', Array)
#7 Command line code(1): app('Illuminate\\\\View...')
#8 {main}
  thrown at C:\\Users\\Administrador\\OneDrive\\SOMOSF5\\Tolls-And-Vehicles\\vendor\\laravel\\framework\\src\\Illuminate\\View\\Compilers\\Compiler.php:67)
[stacktrace]
#0 {main}
"} 
[2025-01-28 13:16:04] local.ERROR: Uncaught InvalidArgumentException: Please provide a valid cache path. in C:\Users\Administrador\OneDrive\SOMOSF5\Tolls-And-Vehicles\vendor\laravel\framework\src\Illuminate\View\Compilers\Compiler.php:67
Stack trace:
#0 C:\Users\Administrador\OneDrive\SOMOSF5\Tolls-And-Vehicles\vendor\laravel\framework\src\Illuminate\View\ViewServiceProvider.php(97): Illuminate\View\Compilers\Compiler->__construct(Object(Illuminate\Filesystem\Filesystem), false, '', true, 'php')
#1 C:\Users\Administrador\OneDrive\SOMOSF5\Tolls-And-Vehicles\vendor\laravel\framework\src\Illuminate\Container\Container.php(937): Illuminate\View\ViewServiceProvider->Illuminate\View\{closure}(Object(Illuminate\Foundation\Application), Array)
#2 C:\Users\Administrador\OneDrive\SOMOSF5\Tolls-And-Vehicles\vendor\laravel\framework\src\Illuminate\Container\Container.php(819): Illuminate\Container\Container->build(Object(Closure))
#3 C:\Users\Administrador\OneDrive\SOMOSF5\Tolls-And-Vehicles\vendor\laravel\framework\src\Illuminate\Foundation\Application.php(1051): Illuminate\Container\Container->resolve('blade.compiler', Array, true)
#4 C:\Users\Administrador\OneDrive\SOMOSF5\Tolls-And-Vehicles\vendor\laravel\framework\src\Illuminate\Container\Container.php(755): Illuminate\Foundation\Application->resolve('blade.compiler', Array)
#5 C:\Users\Administrador\OneDrive\SOMOSF5\Tolls-And-Vehicles\vendor\laravel\framework\src\Illuminate\Foundation\Application.php(1033): Illuminate\Container\Container->make('blade.compiler', Array)
#6 C:\Users\Administrador\OneDrive\SOMOSF5\Tolls-And-Vehicles\vendor\laravel\framework\src\Illuminate\Foundation\helpers.php(124): Illuminate\Foundation\Application->make('blade.compiler', Array)
#7 Command line code(1): app('Illuminate\\View...')
#8 {main}
  thrown {"exception":"[object] (Symfony\\Component\\ErrorHandler\\Error\\FatalError(code: 0): Uncaught InvalidArgumentException: Please provide a valid cache path. in C:\\Users\\Administrador\\OneDrive\\SOMOSF5\\Tolls-And-Vehicles\\vendor\\laravel\\framework\\src\\Illuminate\\View\\Compilers\\Compiler.php:67
Stack trace:
#0 C:\\Users\\Administrador\\OneDrive\\SOMOSF5\\Tolls-And-Vehicles\\vendor\\laravel\\framework\\src\\Illuminate\\View\\ViewServiceProvider.php(97): Illuminate\\View\\Compilers\\Compiler->__construct(Object(Illuminate\\Filesystem\\Filesystem), false, '', true, 'php')
#1 C:\\Users\\Administrador\\OneDrive\\SOMOSF5\\Tolls-And-Vehicles\\vendor\\laravel\\framework\\src\\Illuminate\\Container\\Container.php(937): Illuminate\\View\\ViewServiceProvider->Illuminate\\View\\{closure}(Object(Illuminate\\Foundation\\Application), Array)
#2 C:\\Users\\Administrador\\OneDrive\\SOMOSF5\\Tolls-And-Vehicles\\vendor\\laravel\\framework\\src\\Illuminate\\Container\\Container.php(819): Illuminate\\Container\\Container->build(Object(Closure))
#3 C:\\Users\\Administrador\\OneDrive\\SOMOSF5\\Tolls-And-Vehicles\\vendor\\laravel\\framework\\src\\Illuminate\\Foundation\\Application.php(1051): Illuminate\\Container\\Container->resolve('blade.compiler', Array, true)
#4 C:\\Users\\Administrador\\OneDrive\\SOMOSF5\\Tolls-And-Vehicles\\vendor\\laravel\\framework\\src\\Illuminate\\Container\\Container.php(755): Illuminate\\Foundation\\Application->resolve('blade.compiler', Array)
#5 C:\\Users\\Administrador\\OneDrive\\SOMOSF5\\Tolls-And-Vehicles\\vendor\\laravel\\framework\\src\\Illuminate\\Foundation\\Application.php(1033): Illuminate\\Container\\Container->make('blade.compiler', Array)
#6 C:\\Users\\Administrador\\OneDrive\\SOMOSF5\\Tolls-And-Vehicles\\vendor\\laravel\\framework\\src\\Illuminate\\Foundation\\helpers.php(124): Illuminate\\Foundation\\Application->make('blade.compiler', Array)
#7 Command line code(1): app('Illuminate\\\\View...')
#8 {main}
  thrown at C:\\Users\\Administrador\\OneDrive\\SOMOSF5\\Tolls-And-Vehicles\\vendor\\laravel\\framework\\src\\Illuminate\\View\\Compilers\\Compiler.php:67)
[stacktrace]
#0 {main}
"} 
[2025-01-28 13:26:04] local.ERROR: Uncaught InvalidArgumentException: Please provide a valid cache path. in C:\Users\Administrador\OneDrive\SOMOSF5\Tolls-And-Vehicles\vendor\laravel\framework\src\Illuminate\View\Compilers\Compiler.php:67
Stack trace:
#0 C:\Users\Administrador\OneDrive\SOMOSF5\Tolls-And-Vehicles\vendor\laravel\framework\src\Illuminate\View\ViewServiceProvider.php(97): Illuminate\View\Compilers\Compiler->__construct(Object(Illuminate\Filesystem\Filesystem), false, '', true, 'php')
#1 C:\Users\Administrador\OneDrive\SOMOSF5\Tolls-And-Vehicles\vendor\laravel\framework\src\Illuminate\Container\Container.php(937): Illuminate\View\ViewServiceProvider->Illuminate\View\{closure}(Object(Illuminate\Foundation\Application), Array)
#2 C:\Users\Administrador\OneDrive\SOMOSF5\Tolls-And-Vehicles\vendor\laravel\framework\src\Illuminate\Container\Container.php(819): Illuminate\Container\Container->build(Object(Closure))
#3 C:\Users\Administrador\OneDrive\SOMOSF5\Tolls-And-Vehicles\vendor\laravel\framework\src\Illuminate\Foundation\Application.php(1051): Illuminate\Container\Container->resolve('blade.compiler', Array, true)
#4 C:\Users\Administrador\OneDrive\SOMOSF5\Tolls-And-Vehicles\vendor\laravel\framework\src\Illuminate\Container\Container.php(755): Illuminate\Foundation\Application->resolve('blade.compiler', Array)
#5 C:\Users\Administrador\OneDrive\SOMOSF5\Tolls-And-Vehicles\vendor\laravel\framework\src\Illuminate\Foundation\Application.php(1033): Illuminate\Container\Container->make('blade.compiler', Array)
#6 C:\Users\Administrador\OneDrive\SOMOSF5\Tolls-And-Vehicles\vendor\laravel\framework\src\Illuminate\Foundation\helpers.php(124): Illuminate\Foundation\Application->make('blade.compiler', Array)
#7 Command line code(1): app('Illuminate\\View...')
#8 {main}
  thrown {"exception":"[object] (Symfony\\Component\\ErrorHandler\\Error\\FatalError(code: 0): Uncaught InvalidArgumentException: Please provide a valid cache path. in C:\\Users\\Administrador\\OneDrive\\SOMOSF5\\Tolls-And-Vehicles\\vendor\\laravel\\framework\\src\\Illuminate\\View\\Compilers\\Compiler.php:67
Stack trace:
#0 C:\\Users\\Administrador\\OneDrive\\SOMOSF5\\Tolls-And-Vehicles\\vendor\\laravel\\framework\\src\\Illuminate\\View\\ViewServiceProvider.php(97): Illuminate\\View\\Compilers\\Compiler->__construct(Object(Illuminate\\Filesystem\\Filesystem), false, '', true, 'php')
#1 C:\\Users\\Administrador\\OneDrive\\SOMOSF5\\Tolls-And-Vehicles\\vendor\\laravel\\framework\\src\\Illuminate\\Container\\Container.php(937): Illuminate\\View\\ViewServiceProvider->Illuminate\\View\\{closure}(Object(Illuminate\\Foundation\\Application), Array)
#2 C:\\Users\\Administrador\\OneDrive\\SOMOSF5\\Tolls-And-Vehicles\\vendor\\laravel\\framework\\src\\Illuminate\\Container\\Container.php(819): Illuminate\\Container\\Container->build(Object(Closure))
#3 C:\\Users\\Administrador\\OneDrive\\SOMOSF5\\Tolls-And-Vehicles\\vendor\\laravel\\framework\\src\\Illuminate\\Foundation\\Application.php(1051): Illuminate\\Container\\Container->resolve('blade.compiler', Array, true)
#4 C:\\Users\\Administrador\\OneDrive\\SOMOSF5\\Tolls-And-Vehicles\\vendor\\laravel\\framework\\src\\Illuminate\\Container\\Container.php(755): Illuminate\\Foundation\\Application->resolve('blade.compiler', Array)
#5 C:\\Users\\Administrador\\OneDrive\\SOMOSF5\\Tolls-And-Vehicles\\vendor\\laravel\\framework\\src\\Illuminate\\Foundation\\Application.php(1033): Illuminate\\Container\\Container->make('blade.compiler', Array)
#6 C:\\Users\\Administrador\\OneDrive\\SOMOSF5\\Tolls-And-Vehicles\\vendor\\laravel\\framework\\src\\Illuminate\\Foundation\\helpers.php(124): Illuminate\\Foundation\\Application->make('blade.compiler', Array)
#7 Command line code(1): app('Illuminate\\\\View...')
#8 {main}
  thrown at C:\\Users\\Administrador\\OneDrive\\SOMOSF5\\Tolls-And-Vehicles\\vendor\\laravel\\framework\\src\\Illuminate\\View\\Compilers\\Compiler.php:67)
[stacktrace]
#0 {main}
"} 
